This file contains any messages produced by compilers while
running configure, to aid debugging if configure makes a mistake.

It was created by configure, which was
generated by GNU Autoconf 2.69.  Invocation command line was

  $ ./configure --with-pspell=/app/user/aspell

## --------- ##
## Platform. ##
## --------- ##

hostname = aabb87e1-ee96-49d4-8113-f96e841df5bf
uname -m = x86_64
uname -r = 3.13.0-133-generic
uname -s = Linux
uname -v = #182-Ubuntu SMP Tue Sep 19 15:49:21 UTC 2017

/usr/bin/uname -p = unknown
/bin/uname -X     = unknown

/bin/arch              = unknown
/usr/bin/arch -k       = unknown
/usr/convex/getsysinfo = unknown
/usr/bin/hostinfo      = unknown
/bin/machine           = unknown
/usr/bin/oslevel       = unknown
/bin/universe          = unknown

PATH: /app/.heroku/php/bin
PATH: /app/.heroku/php/sbin
PATH: /app/.heroku/php/bin
PATH: /app/.heroku/php/sbin
PATH: /app/.heroku/php/bin
PATH: /app/.heroku/php/sbin
PATH: /app/.heroku/php/bin
PATH: /app/.heroku/php/bin
PATH: /app/.heroku/php/sbin
PATH: /app/.heroku/php/bin
PATH: /app/.heroku/php/sbin
PATH: /app/.heroku/php/bin
PATH: /app/.heroku/php/sbin
PATH: /app/.heroku/php/bin
PATH: /usr/local/bin
PATH: /usr/bin
PATH: /bin
PATH: /app/vendor/bin
PATH: /app/user/aspell/bin
PATH: /app/vendor/bin


## ----------- ##
## Core tests. ##
## ----------- ##

configure:2295: checking for grep that handles long lines and -e
configure:2353: result: /bin/grep
configure:2358: checking for egrep
configure:2420: result: /bin/grep -E
configure:2425: checking for a sed that does not truncate output
configure:2479: result: /bin/sed
configure:2616: checking for cc
configure:2632: found /usr/bin/cc
configure:2643: result: cc
configure:2674: checking for C compiler version
configure:2683: cc --version >&5
cc (Ubuntu 4.8.4-2ubuntu1~14.04.3) 4.8.4
Copyright (C) 2013 Free Software Foundation, Inc.
This is free software; see the source for copying conditions.  There is NO
warranty; not even for MERCHANTABILITY or FITNESS FOR A PARTICULAR PURPOSE.

configure:2694: $? = 0
configure:2683: cc -v >&5
Using built-in specs.
COLLECT_GCC=cc
COLLECT_LTO_WRAPPER=/usr/lib/gcc/x86_64-linux-gnu/4.8/lto-wrapper
Target: x86_64-linux-gnu
Configured with: ../src/configure -v --with-pkgversion='Ubuntu 4.8.4-2ubuntu1~14.04.3' --with-bugurl=file:///usr/share/doc/gcc-4.8/README.Bugs --enable-languages=c,c++,java,go,d,fortran,objc,obj-c++ --prefix=/usr --program-suffix=-4.8 --enable-shared --enable-linker-build-id --libexecdir=/usr/lib --without-included-gettext --enable-threads=posix --with-gxx-include-dir=/usr/include/c++/4.8 --libdir=/usr/lib --enable-nls --with-sysroot=/ --enable-clocale=gnu --enable-libstdcxx-debug --enable-libstdcxx-time=yes --enable-gnu-unique-object --disable-libmudflap --enable-plugin --with-system-zlib --disable-browser-plugin --enable-java-awt=gtk --enable-gtk-cairo --with-java-home=/usr/lib/jvm/java-1.5.0-gcj-4.8-amd64/jre --enable-java-home --with-jvm-root-dir=/usr/lib/jvm/java-1.5.0-gcj-4.8-amd64 --with-jvm-jar-dir=/usr/lib/jvm-exports/java-1.5.0-gcj-4.8-amd64 --with-arch-directory=amd64 --with-ecj-jar=/usr/share/java/eclipse-ecj.jar --enable-objc-gc --enable-multiarch --disable-werror --with-arch-32=i686 --with-abi=m64 --with-multilib-list=m32,m64,mx32 --with-tune=generic --enable-checking=release --build=x86_64-linux-gnu --host=x86_64-linux-gnu --target=x86_64-linux-gnu
Thread model: posix
gcc version 4.8.4 (Ubuntu 4.8.4-2ubuntu1~14.04.3) 
configure:2694: $? = 0
configure:2683: cc -V >&5
cc: error: unrecognized command line option '-V'
cc: fatal error: no input files
compilation terminated.
configure:2694: $? = 4
configure:2683: cc -qversion >&5
cc: error: unrecognized command line option '-qversion'
cc: fatal error: no input files
compilation terminated.
configure:2694: $? = 4
configure:2714: checking whether the C compiler works
configure:2736: cc    conftest.c  >&5
configure:2740: $? = 0
configure:2788: result: yes
configure:2791: checking for C compiler default output file name
configure:2793: result: a.out
configure:2799: checking for suffix of executables
configure:2806: cc -o conftest    conftest.c  >&5
configure:2810: $? = 0
configure:2832: result: 
configure:2854: checking whether we are cross compiling
configure:2862: cc -o conftest    conftest.c  >&5
configure:2866: $? = 0
configure:2873: ./conftest
configure:2877: $? = 0
configure:2892: result: no
configure:2897: checking for suffix of object files
configure:2919: cc -c   conftest.c >&5
configure:2923: $? = 0
configure:2944: result: o
configure:2948: checking whether we are using the GNU C compiler
configure:2967: cc -c   conftest.c >&5
configure:2967: $? = 0
configure:2976: result: yes
configure:2985: checking whether cc accepts -g
configure:3005: cc -c -g  conftest.c >&5
configure:3005: $? = 0
configure:3046: result: yes
configure:3063: checking for cc option to accept ISO C89
configure:3126: cc  -c -g -O2  conftest.c >&5
configure:3126: $? = 0
configure:3139: result: none needed
configure:3165: checking how to run the C preprocessor
configure:3196: cc -E  conftest.c
configure:3196: $? = 0
configure:3210: cc -E  conftest.c
conftest.c:9:28: fatal error: ac_nonexistent.h: No such file or directory
 #include <ac_nonexistent.h>
                            ^
compilation terminated.
configure:3210: $? = 1
configure: failed program was:
| /* confdefs.h */
| #define PACKAGE_NAME ""
| #define PACKAGE_TARNAME ""
| #define PACKAGE_VERSION ""
| #define PACKAGE_STRING ""
| #define PACKAGE_BUGREPORT ""
| #define PACKAGE_URL ""
| /* end confdefs.h.  */
| #include <ac_nonexistent.h>
configure:3235: result: cc -E
configure:3255: cc -E  conftest.c
configure:3255: $? = 0
configure:3269: cc -E  conftest.c
conftest.c:9:28: fatal error: ac_nonexistent.h: No such file or directory
 #include <ac_nonexistent.h>
                            ^
compilation terminated.
configure:3269: $? = 1
configure: failed program was:
| /* confdefs.h */
| #define PACKAGE_NAME ""
| #define PACKAGE_TARNAME ""
| #define PACKAGE_VERSION ""
| #define PACKAGE_STRING ""
| #define PACKAGE_BUGREPORT ""
| #define PACKAGE_URL ""
| /* end confdefs.h.  */
| #include <ac_nonexistent.h>
configure:3300: checking for icc
configure:3309: result: no
configure:3323: checking for suncc
configure:3332: result: no
configure:3350: checking whether cc understands -c and -o together
configure:3378: cc -c conftest.c -o conftest2.o >&5
configure:3382: $? = 0
configure:3388: cc -c conftest.c -o conftest2.o >&5
configure:3392: $? = 0
configure:3447: result: yes
configure:3461: checking for system library directory
configure:3476: result: lib
configure:3483: checking if compiler supports -R
configure:3502: cc -o conftest -g -O2   conftest.c -R /usr/lib  >&5
cc: error: unrecognized command line option '-R'
configure:3502: $? = 1
configure: failed program was:
| /* confdefs.h */
| #define PACKAGE_NAME ""
| #define PACKAGE_TARNAME ""
| #define PACKAGE_VERSION ""
| #define PACKAGE_STRING ""
| #define PACKAGE_BUGREPORT ""
| #define PACKAGE_URL ""
| /* end confdefs.h.  */
| 
| int
| main ()
| {
| 
|   ;
|   return 0;
| }
configure:3512: result: no
configure:3517: checking if compiler supports -Wl,-rpath,
configure:3536: cc -o conftest -g -O2   conftest.c -Wl,-rpath,/usr/lib  >&5
configure:3536: $? = 0
configure:3546: result: yes
configure:3591: checking build system type
configure:3605: result: x86_64-unknown-linux-gnu
configure:3625: checking host system type
configure:3638: result: x86_64-unknown-linux-gnu
configure:3658: checking target system type
configure:3671: result: x86_64-unknown-linux-gnu
configure:3774: checking for PHP prefix
configure:3776: result: /app/.heroku/php
configure:3778: checking for PHP includes
configure:3780: result: -I/app/.heroku/php/include/php -I/app/.heroku/php/include/php/main -I/app/.heroku/php/include/php/TSRM -I/app/.heroku/php/include/php/Zend -I/app/.heroku/php/include/php/ext -I/app/.heroku/php/include/php/ext/date/lib
configure:3782: checking for PHP extension directory
configure:3784: result: /app/.heroku/php/lib/php/extensions/no-debug-non-zts-20160303
configure:3786: checking for PHP installed headers prefix
configure:3788: result: /app/.heroku/php/include/php
configure:3791: checking if debug is enabled
configure:3817: result: no
configure:3820: checking if zts is enabled
configure:3846: result: no
configure:3917: checking for re2c
configure:3947: result: no
configure:3972: WARNING: You will need re2c 0.13.4 or later if you want to regenerate PHP parsers.
configure:3986: checking for gawk
configure:4017: result: no
configure:3986: checking for nawk
configure:4003: found /usr/bin/nawk
configure:4014: result: nawk
configure:4037: checking if nawk is broken
configure:4044: result: no
configure:4058: checking for PSPELL support
configure:4098: result: yes, shared
configure:4615: checking for new_aspell_config in -laspell
configure:4640: cc -o conftest -g -O2  -Wl,-rpath,/app/user/aspell/lib -L/app/user/aspell/lib  conftest.c -laspell   >&5
/usr/bin/ld:/app/user/aspell/lib/libaspell.so: file format not recognized; treating as linker script
/usr/bin/ld:/app/user/aspell/lib/libaspell.so:1: syntax error
collect2: error: ld returned 1 exit status
configure:4640: $? = 1
configure: failed program was:
| /* confdefs.h */
| #define PACKAGE_NAME ""
| #define PACKAGE_TARNAME ""
| #define PACKAGE_VERSION ""
| #define PACKAGE_STRING ""
| #define PACKAGE_BUGREPORT ""
| #define PACKAGE_URL ""
| #define COMPILE_DL_PSPELL 1
| /* end confdefs.h.  */
| 
| /* Override any GCC internal prototype to avoid an error.
|    Use char because int might match the return type of a GCC
|    builtin and then its argument prototype would still apply.  */
| #ifdef __cplusplus
| extern "C"
| #endif
| char new_aspell_config ();
| int
| main ()
| {
| return new_aspell_config ();
|   ;
|   return 0;
| }
configure:4649: result: no
configure:4897: checking for ld used by cc
configure:4964: result: /usr/bin/ld
configure:4971: checking if the linker (/usr/bin/ld) is GNU ld
configure:4986: result: yes
configure:4991: checking for /usr/bin/ld option to reload object files
configure:4998: result: -r
configure:5016: checking for BSD-compatible nm
configure:5065: result: /usr/bin/nm -B
configure:5069: checking whether ln -s works
configure:5073: result: yes
configure:5080: checking how to recognize dependent libraries
configure:5266: result: pass_all
configure:5351: cc -c -g -O2  conftest.c >&5
configure:5354: $? = 0
configure:5484: checking for ANSI C header files
configure:5504: cc -c -g -O2  conftest.c >&5
configure:5504: $? = 0
configure:5577: cc -o conftest -g -O2   conftest.c  >&5
configure:5577: $? = 0
configure:5577: ./conftest
configure:5577: $? = 0
configure:5588: result: yes
configure:5601: checking for sys/types.h
configure:5601: cc -c -g -O2  conftest.c >&5
configure:5601: $? = 0
configure:5601: result: yes
configure:5601: checking for sys/stat.h
configure:5601: cc -c -g -O2  conftest.c >&5
configure:5601: $? = 0
configure:5601: result: yes
configure:5601: checking for stdlib.h
configure:5601: cc -c -g -O2  conftest.c >&5
configure:5601: $? = 0
configure:5601: result: yes
configure:5601: checking for string.h
configure:5601: cc -c -g -O2  conftest.c >&5
configure:5601: $? = 0
configure:5601: result: yes
configure:5601: checking for memory.h
configure:5601: cc -c -g -O2  conftest.c >&5
configure:5601: $? = 0
configure:5601: result: yes
configure:5601: checking for strings.h
configure:5601: cc -c -g -O2  conftest.c >&5
configure:5601: $? = 0
configure:5601: result: yes
configure:5601: checking for inttypes.h
configure:5601: cc -c -g -O2  conftest.c >&5
configure:5601: $? = 0
configure:5601: result: yes
configure:5601: checking for stdint.h
configure:5601: cc -c -g -O2  conftest.c >&5
configure:5601: $? = 0
configure:5601: result: yes
configure:5601: checking for unistd.h
configure:5601: cc -c -g -O2  conftest.c >&5
configure:5601: $? = 0
configure:5601: result: yes
configure:5615: checking dlfcn.h usability
configure:5615: cc -c -g -O2  conftest.c >&5
configure:5615: $? = 0
configure:5615: result: yes
configure:5615: checking dlfcn.h presence
configure:5615: cc -E  conftest.c
configure:5615: $? = 0
configure:5615: result: yes
configure:5615: checking for dlfcn.h
configure:5615: result: yes
configure:5637: checking the maximum length of command line arguments
configure:5749: result: 3145728
configure:5761: checking command to parse /usr/bin/nm -B output from cc object
configure:5866: cc -c -g -O2  conftest.c >&5
configure:5869: $? = 0
configure:5873: /usr/bin/nm -B conftest.o \| sed -n -e 's/^.*[ 	]\([ABCDGIRSTW][ABCDGIRSTW]*\)[ 	][ 	]*\([_A-Za-z][_A-Za-z0-9]*\)$/\1 \2 \2/p' \> conftest.nm
configure:5876: $? = 0
configure:5928: cc -o conftest -g -O2   conftest.c conftstm.o >&5
configure:5931: $? = 0
configure:5969: result: ok
configure:5973: checking for objdir
configure:5988: result: .libs
configure:6080: checking for ar
configure:6096: found /usr/bin/ar
configure:6107: result: ar
configure:6172: checking for ranlib
configure:6188: found /usr/bin/ranlib
configure:6199: result: ranlib
configure:6264: checking for strip
configure:6280: found /usr/bin/strip
configure:6291: result: strip
configure:6860: checking if cc supports -fno-rtti -fno-exceptions
configure:6878: cc -c -g -O2  -fno-rtti -fno-exceptions conftest.c >&5
cc1: warning: command line option '-fno-rtti' is valid for C++/ObjC++ but not for C [enabled by default]
configure:6882: $? = 0
configure:6895: result: no
configure:6910: checking for cc option to produce PIC
configure:7150: result: -fPIC
configure:7158: checking if cc PIC flag -fPIC works
configure:7176: cc -c -g -O2  -fPIC -DPIC conftest.c >&5
configure:7180: $? = 0
configure:7193: result: yes
configure:7221: checking if cc static flag -static works
configure:7249: result: yes
configure:7259: checking if cc supports -c -o file.o
configure:7280: cc -c -g -O2  -o out/conftest2.o conftest.c >&5
configure:7284: $? = 0
configure:7306: result: yes
configure:7332: checking whether the cc linker (/usr/bin/ld -m elf_x86_64) supports shared libraries
configure:8260: result: yes
configure:8281: checking whether -lc should be explicitly linked in
configure:8286: cc -c -g -O2  conftest.c >&5
configure:8289: $? = 0
configure:8304: cc -shared conftest.o  -v -Wl,-soname -Wl,conftest -o conftest 2\>\&1 \| grep  -lc  \>/dev/null 2\>\&1
configure:8307: $? = 0
configure:8319: result: no
configure:8327: checking dynamic linker characteristics
configure:8925: result: GNU/Linux ld.so
configure:8949: checking how to hardcode library paths into programs
configure:8974: result: immediate
configure:8988: checking whether stripping libraries is possible
configure:8993: result: yes
configure:9510: checking if libtool supports shared libraries
configure:9512: result: yes
configure:9515: checking whether to build shared libraries
configure:9536: result: yes
configure:9539: checking whether to build static libraries
configure:9543: result: no
configure:9638: result:
creating libtool
configure:13337: creating ./config.status

## ---------------------- ##
## Running config.status. ##
## ---------------------- ##

This file was extended by config.status, which was
generated by GNU Autoconf 2.69.  Invocation command line was

  CONFIG_FILES    = 
  CONFIG_HEADERS  = 
  CONFIG_LINKS    = 
  CONFIG_COMMANDS = 
  $ ./config.status 

on aabb87e1-ee96-49d4-8113-f96e841df5bf

config.status:677: creating config.h
config.status:767: config.h is unchanged

## ---------------- ##
## Cache variables. ##
## ---------------- ##

ac_cv_build=x86_64-unknown-linux-gnu
ac_cv_c_compiler_gnu=yes
ac_cv_env_CC_set=
ac_cv_env_CC_value=
ac_cv_env_CFLAGS_set=
ac_cv_env_CFLAGS_value=
ac_cv_env_CPPFLAGS_set=
ac_cv_env_CPPFLAGS_value=
ac_cv_env_CPP_set=
ac_cv_env_CPP_value=
ac_cv_env_LDFLAGS_set=
ac_cv_env_LDFLAGS_value=
ac_cv_env_LIBS_set=
ac_cv_env_LIBS_value=
ac_cv_env_build_alias_set=
ac_cv_env_build_alias_value=
ac_cv_env_host_alias_set=
ac_cv_env_host_alias_value=
ac_cv_env_target_alias_set=
ac_cv_env_target_alias_value=
ac_cv_header_dlfcn_h=yes
ac_cv_header_inttypes_h=yes
ac_cv_header_memory_h=yes
ac_cv_header_stdc=yes
ac_cv_header_stdint_h=yes
ac_cv_header_stdlib_h=yes
ac_cv_header_string_h=yes
ac_cv_header_strings_h=yes
ac_cv_header_sys_stat_h=yes
ac_cv_header_sys_types_h=yes
ac_cv_header_unistd_h=yes
ac_cv_host=x86_64-unknown-linux-gnu
ac_cv_objext=o
ac_cv_path_EGREP='/bin/grep -E'
ac_cv_path_GREP=/bin/grep
ac_cv_prog_AWK=nawk
ac_cv_prog_CPP='cc -E'
ac_cv_prog_ac_ct_AR=ar
ac_cv_prog_ac_ct_CC=cc
ac_cv_prog_ac_ct_RANLIB=ranlib
ac_cv_prog_ac_ct_STRIP=strip
ac_cv_prog_cc_c89=
ac_cv_prog_cc_cc_c_o=yes
ac_cv_prog_cc_g=yes
ac_cv_target=x86_64-unknown-linux-gnu
lt_cv_deplibs_check_method=pass_all
lt_cv_file_magic_cmd='$MAGIC_CMD'
lt_cv_file_magic_test_file=
lt_cv_ld_reload_flag=-r
lt_cv_objdir=.libs
lt_cv_path_LD=/usr/bin/ld
lt_cv_path_NM='/usr/bin/nm -B'
lt_cv_path_SED=/bin/sed
lt_cv_prog_compiler_c_o=yes
lt_cv_prog_compiler_pic_works=yes
lt_cv_prog_compiler_rtti_exceptions=no
lt_cv_prog_compiler_static_works=yes
lt_cv_prog_gnu_ld=yes
lt_cv_sys_global_symbol_pipe='sed -n -e '\''s/^.*[ 	]\([ABCDGIRSTW][ABCDGIRSTW]*\)[ 	][ 	]*\([_A-Za-z][_A-Za-z0-9]*\)$/\1 \2 \2/p'\'''
lt_cv_sys_global_symbol_to_c_name_address='sed -n -e '\''s/^: \([^ ]*\) $/  {\"\1\", (lt_ptr) 0},/p'\'' -e '\''s/^[BCDEGRST] \([^ ]*\) \([^ ]*\)$/  {"\2", (lt_ptr) \&\2},/p'\'''
lt_cv_sys_global_symbol_to_cdecl='sed -n -e '\''s/^. .* \(.*\)$/extern int \1;/p'\'''
lt_cv_sys_lib_dlsearch_path_spec='/lib /usr/lib /usr/lib/x86_64-linux-gnu/libfakeroot /usr/local/lib /lib/x86_64-linux-gnu /usr/lib/x86_64-linux-gnu /usr/lib/x86_64-linux-gnu/mesa '
lt_cv_sys_lib_search_path_spec='/usr/lib/gcc/x86_64-linux-gnu/4.8 /usr/lib/x86_64-linux-gnu /usr/lib /lib/x86_64-linux-gnu /lib'
lt_cv_sys_max_cmd_len=3145728
lt_lt_cv_prog_compiler_c_o='"yes"'
lt_lt_cv_sys_global_symbol_pipe='"sed -n -e '\''s/^.*[ 	]\\([ABCDGIRSTW][ABCDGIRSTW]*\\)[ 	][ 	]*\\([_A-Za-z][_A-Za-z0-9]*\\)\$/\\1 \\2 \\2/p'\''"'
lt_lt_cv_sys_global_symbol_to_c_name_address='"sed -n -e '\''s/^: \\([^ ]*\\) \$/  {\\\"\\1\\\", (lt_ptr) 0},/p'\'' -e '\''s/^[BCDEGRST] \\([^ ]*\\) \\([^ ]*\\)\$/  {\"\\2\", (lt_ptr) \\&\\2},/p'\''"'
lt_lt_cv_sys_global_symbol_to_cdecl='"sed -n -e '\''s/^. .* \\(.*\\)\$/extern int \\1;/p'\''"'
php_cv_cc_dashr=no
php_cv_cc_rpath=yes

## ----------------- ##
## Output variables. ##
## ----------------- ##

AR='ar'
AWK='nawk'
CC='cc'
CFLAGS='-g -O2'
CONFIGURE_COMMAND=' '\''./configure'\''  '\''--with-pspell=/app/user/aspell'\'''
CONFIGURE_OPTIONS=' '\''--with-pspell=/app/user/aspell'\'''
CPP='cc -E'
CPPFLAGS=' -DHAVE_CONFIG_H'
DEFS='-DHAVE_CONFIG_H'
DSYMUTIL=''
ECHO='echo'
ECHO_C=''
ECHO_N='-n'
ECHO_T=''
EGREP='/bin/grep -E'
EXEEXT=''
GREP='/bin/grep'
LDFLAGS=''
LIBOBJS=''
LIBS=''
LIBTOOL='$(SHELL) $(top_builddir)/libtool'
LN_S='ln -s'
LTLIBOBJS=''
NMEDIT=''
OBJEXT='o'
PACKAGE_BUGREPORT=''
PACKAGE_NAME=''
PACKAGE_STRING=''
PACKAGE_TARNAME=''
PACKAGE_URL=''
PACKAGE_VERSION=''
PATH_SEPARATOR=':'
RANLIB='ranlib'
RE2C='exit 0;'
SED='/bin/sed'
SHELL='/bin/bash'
SHLIB_DL_SUFFIX_NAME='so'
SHLIB_SUFFIX_NAME='so'
STRIP='strip'
ac_ct_CC='cc'
bindir='${exec_prefix}/bin'
build='x86_64-unknown-linux-gnu'
build_alias=''
build_cpu='x86_64'
build_os='linux-gnu'
build_vendor='unknown'
datadir='${datarootdir}'
datarootdir='${prefix}/share'
docdir='${datarootdir}/doc/${PACKAGE}'
dvidir='${docdir}'
exec_prefix='$(prefix)'
host='x86_64-unknown-linux-gnu'
host_alias='x86_64-unknown-linux-gnu'
host_cpu='x86_64'
host_os='linux-gnu'
host_vendor='unknown'
htmldir='${docdir}'
includedir='${prefix}/include'
infodir='${datarootdir}/info'
libdir='${exec_prefix}/lib'
libexecdir='${exec_prefix}/libexec'
localedir='${datarootdir}/locale'
localstatedir='${prefix}/var'
mandir='${datarootdir}/man'
oldincludedir='/usr/include'
pdfdir='${docdir}'
prefix='/app/.heroku/php'
program_transform_name='s,x,x,'
psdir='${docdir}'
sbindir='${exec_prefix}/sbin'
sharedstatedir='${prefix}/com'
sysconfdir='${prefix}/etc'
target='x86_64-unknown-linux-gnu'
target_alias=''
target_cpu='x86_64'
target_os='linux-gnu'
target_vendor='unknown'

## ----------- ##
## confdefs.h. ##
## ----------- ##

/* confdefs.h */
#define PACKAGE_NAME ""
#define PACKAGE_TARNAME ""
#define PACKAGE_VERSION ""
#define PACKAGE_STRING ""
#define PACKAGE_BUGREPORT ""
#define PACKAGE_URL ""
#define COMPILE_DL_PSPELL 1
#define HAVE_PSPELL 1
#define STDC_HEADERS 1
#define HAVE_SYS_TYPES_H 1
#define HAVE_SYS_STAT_H 1
#define HAVE_STDLIB_H 1
#define HAVE_STRING_H 1
#define HAVE_MEMORY_H 1
#define HAVE_STRINGS_H 1
#define HAVE_INTTYPES_H 1
#define HAVE_STDINT_H 1
#define HAVE_UNISTD_H 1
#define HAVE_DLFCN_H 1

configure: exit 0
